2026-01-31 01:40:48 - GitHubTrending - INFO - 运行测试模式...
2026-01-31 01:40:48 - GitHubTrending - INFO - 成功加载配置文件: config.json
2026-01-31 01:40:48 - GitHubTrending - INFO - 配置验证通过
2026-01-31 01:40:48 - GitHubTrending - INFO - 测试邮件内容已保存到: test_email.html
2026-01-31 21:46:48 - GitHubTrending - INFO - 成功加载配置文件: config.json
2026-01-31 21:46:48 - GitHubTrending - INFO - 配置验证通过
2026-01-31 21:46:48 - GitHubTrending - INFO - 开始获取 GitHub Trending 数据...
2026-01-31 21:46:48 - GitHubTrending - INFO - 使用 curl 获取数据 (尝试 1/3)
2026-01-31 21:46:50 - GitHubTrending - INFO - 使用 curl 获取数据 (尝试 2/3)
2026-01-31 21:46:50 - GitHubTrending - INFO - 使用 curl 获取数据 (尝试 3/3)
2026-01-31 21:46:50 - GitHubTrending - WARNING - 所有尝试均失败，使用示例数据
2026-01-31 21:46:50 - GitHubTrending - INFO - 缓存已保存
2026-01-31 21:46:50 - GitHubTrending - INFO - 成功获取 5 个趋势项目
2026-01-31 21:46:50 - GitHubTrending - INFO - 准备发送邮件...
2026-01-31 21:46:50 - GitHubTrending - INFO - 使用SMTP服务器: smtp.163.com:465
2026-01-31 21:46:52 - GitHubTrending - INFO - 邮件已成功发送至: 3413191072@qq.com
2026-01-31 21:46:52 - GitHubTrending - INFO - 任务执行成功！
2026-01-31 21:51:22 - GitHubTrending - INFO - 运行测试模式...
2026-01-31 21:51:22 - GitHubTrending - INFO - 成功加载配置文件: config.json
2026-01-31 21:51:22 - GitHubTrending - INFO - 配置验证通过
2026-01-31 21:51:22 - GitHubTrending - INFO - 为 5 个项目添加详细摘要...
2026-01-31 21:51:22 - GitHubTrending - INFO - 正在获取第 1/5 个项目的详细信息: public-apis/public-apis
2026-01-31 21:51:25 - GitHubTrending - INFO - 正在获取第 2/5 个项目的详细信息: freeCodeCamp/freeCodeCamp
2026-01-31 21:51:28 - GitHubTrending - INFO - 正在获取第 3/5 个项目的详细信息: vercel/next.js
2026-01-31 21:51:29 - GitHubTrending - INFO - 正在获取第 4/5 个项目的详细信息: microsoft/vscode
2026-01-31 21:51:31 - GitHubTrending - INFO - 正在获取第 5/5 个项目的详细信息: facebook/react
2026-01-31 21:51:33 - GitHubTrending - INFO - 详细摘要添加完成
2026-01-31 21:51:33 - GitHubTrending - INFO - 测试邮件内容已保存到: test_email_detailed.html
2026-01-31 21:52:15 - GitHubTrending - INFO - 成功加载配置文件: config.json
2026-01-31 21:52:15 - GitHubTrending - INFO - 配置验证通过
2026-01-31 21:52:15 - GitHubTrending - INFO - 开始获取 GitHub Trending 数据...
2026-01-31 21:52:15 - GitHubTrending - WARNING - 检查缓存时出错: type object 'datetime.datetime' has no attribute 'fromisoformat'
2026-01-31 21:52:15 - GitHubTrending - INFO - 使用 requests + BeautifulSoup 获取数据 (尝试 1/3)
2026-01-31 21:52:16 - GitHubTrending - INFO - 成功获取 5 个趋势项目
2026-01-31 21:52:16 - GitHubTrending - INFO - 缓存已保存
2026-01-31 21:52:16 - GitHubTrending - INFO - 为 5 个项目添加详细摘要...
2026-01-31 21:52:16 - GitHubTrending - INFO - 正在获取第 1/5 个项目的详细信息: openclaw/openclaw
2026-01-31 21:52:18 - GitHubTrending - INFO - 正在获取第 2/5 个项目的详细信息: asgeirtj/system_prompts_leaks
2026-01-31 21:52:20 - GitHubTrending - INFO - 正在获取第 3/5 个项目的详细信息: MoonshotAI/kimi-cli
2026-01-31 21:52:22 - GitHubTrending - INFO - 正在获取第 4/5 个项目的详细信息: modelcontextprotocol/ext-apps
2026-01-31 21:52:24 - GitHubTrending - INFO - 正在获取第 5/5 个项目的详细信息: NevaMind-AI/memU
2026-01-31 21:52:26 - GitHubTrending - INFO - 详细摘要添加完成
2026-01-31 21:52:26 - GitHubTrending - INFO - 成功获取 5 个趋势项目
2026-01-31 21:52:26 - GitHubTrending - INFO - 准备发送邮件...
2026-01-31 21:52:26 - GitHubTrending - INFO - 使用SMTP服务器: smtp.163.com:465
2026-01-31 21:52:28 - GitHubTrending - INFO - 邮件已成功发送至: 3413191072@qq.com
2026-01-31 21:52:28 - GitHubTrending - INFO - 任务执行成功！
2026-01-31 21:53:15 - GitHubTrending - INFO - 运行测试模式...
2026-01-31 21:53:15 - GitHubTrending - INFO - 成功加载配置文件: config.json
2026-01-31 21:53:15 - GitHubTrending - INFO - 配置验证通过
2026-01-31 21:53:15 - GitHubTrending - INFO - 为 5 个项目添加详细摘要...
2026-01-31 21:53:15 - GitHubTrending - INFO - 正在获取第 1/5 个项目的详细信息: public-apis/public-apis
2026-01-31 21:53:19 - GitHubTrending - INFO - 正在获取第 2/5 个项目的详细信息: freeCodeCamp/freeCodeCamp
2026-01-31 21:53:21 - GitHubTrending - INFO - 正在获取第 3/5 个项目的详细信息: vercel/next.js
2026-01-31 21:53:23 - GitHubTrending - INFO - 正在获取第 4/5 个项目的详细信息: microsoft/vscode
2026-01-31 21:53:25 - GitHubTrending - INFO - 正在获取第 5/5 个项目的详细信息: facebook/react
2026-01-31 21:53:27 - GitHubTrending - INFO - 详细摘要添加完成
2026-01-31 21:53:27 - GitHubTrending - INFO - 测试邮件内容已保存到: test_email_detailed.html
2026-01-31 21:53:49 - GitHubTrending - INFO - 成功加载配置文件: config.json
2026-01-31 21:53:49 - GitHubTrending - INFO - 配置验证通过
2026-01-31 21:53:49 - GitHubTrending - INFO - 开始获取 GitHub Trending 数据...
2026-01-31 21:53:49 - GitHubTrending - WARNING - 检查缓存时出错: type object 'datetime.datetime' has no attribute 'fromisoformat'
2026-01-31 21:53:49 - GitHubTrending - INFO - 使用 requests + BeautifulSoup 获取数据 (尝试 1/3)
2026-01-31 21:53:51 - GitHubTrending - INFO - 成功获取 5 个趋势项目
2026-01-31 21:53:51 - GitHubTrending - INFO - 缓存已保存
2026-01-31 21:53:51 - GitHubTrending - INFO - 为 5 个项目添加详细摘要...
2026-01-31 21:53:51 - GitHubTrending - INFO - 正在获取第 1/5 个项目的详细信息: openclaw/openclaw
2026-01-31 21:53:53 - GitHubTrending - INFO - 正在获取第 2/5 个项目的详细信息: asgeirtj/system_prompts_leaks
2026-01-31 21:53:55 - GitHubTrending - INFO - 正在获取第 3/5 个项目的详细信息: MoonshotAI/kimi-cli
2026-01-31 21:53:57 - GitHubTrending - INFO - 正在获取第 4/5 个项目的详细信息: modelcontextprotocol/ext-apps
2026-01-31 21:53:59 - GitHubTrending - INFO - 正在获取第 5/5 个项目的详细信息: NevaMind-AI/memU
2026-01-31 21:54:01 - GitHubTrending - INFO - 详细摘要添加完成
2026-01-31 21:54:01 - GitHubTrending - INFO - 成功获取 5 个趋势项目
2026-01-31 21:54:01 - GitHubTrending - INFO - 准备发送邮件...
2026-01-31 21:54:01 - GitHubTrending - INFO - 使用SMTP服务器: smtp.163.com:465
2026-01-31 21:54:02 - GitHubTrending - INFO - 邮件已成功发送至: 3413191072@qq.com
2026-01-31 21:54:02 - GitHubTrending - INFO - 任务执行成功！
2026-01-31 21:54:58 - GitHubTrending - INFO - 运行测试模式...
2026-01-31 21:54:58 - GitHubTrending - INFO - 成功加载配置文件: config.json
2026-01-31 21:54:58 - GitHubTrending - INFO - 配置验证通过
2026-01-31 21:54:58 - GitHubTrending - INFO - 为 5 个项目添加详细摘要...
2026-01-31 21:54:58 - GitHubTrending - INFO - 正在获取第 1/5 个项目的详细信息: public-apis/public-apis
2026-01-31 21:55:01 - GitHubTrending - INFO - 正在获取第 2/5 个项目的详细信息: freeCodeCamp/freeCodeCamp
2026-01-31 21:55:03 - GitHubTrending - INFO - 正在获取第 3/5 个项目的详细信息: vercel/next.js
2026-01-31 21:55:05 - GitHubTrending - INFO - 正在获取第 4/5 个项目的详细信息: microsoft/vscode
2026-01-31 21:55:07 - GitHubTrending - INFO - 正在获取第 5/5 个项目的详细信息: facebook/react
2026-01-31 21:55:09 - GitHubTrending - INFO - 详细摘要添加完成
2026-01-31 21:55:09 - GitHubTrending - INFO - 测试邮件内容已保存到: test_email_detailed.html
2026-01-31 21:55:31 - GitHubTrending - INFO - 成功加载配置文件: config.json
2026-01-31 21:55:31 - GitHubTrending - INFO - 配置验证通过
2026-01-31 21:55:31 - GitHubTrending - INFO - 开始获取 GitHub Trending 数据...
2026-01-31 21:55:31 - GitHubTrending - WARNING - 检查缓存时出错: type object 'datetime.datetime' has no attribute 'fromisoformat'
2026-01-31 21:55:31 - GitHubTrending - INFO - 使用 requests + BeautifulSoup 获取数据 (尝试 1/3)
2026-01-31 21:55:33 - GitHubTrending - INFO - 成功获取 5 个趋势项目
2026-01-31 21:55:33 - GitHubTrending - INFO - 缓存已保存
2026-01-31 21:55:33 - GitHubTrending - INFO - 为 5 个项目添加详细摘要...
2026-01-31 21:55:33 - GitHubTrending - INFO - 正在获取第 1/5 个项目的详细信息: openclaw/openclaw
2026-01-31 21:55:35 - GitHubTrending - INFO - 正在获取第 2/5 个项目的详细信息: asgeirtj/system_prompts_leaks
2026-01-31 21:55:37 - GitHubTrending - INFO - 正在获取第 3/5 个项目的详细信息: MoonshotAI/kimi-cli
2026-01-31 21:55:39 - GitHubTrending - INFO - 正在获取第 4/5 个项目的详细信息: modelcontextprotocol/ext-apps
2026-01-31 21:55:41 - GitHubTrending - INFO - 正在获取第 5/5 个项目的详细信息: NevaMind-AI/memU
2026-01-31 21:55:43 - GitHubTrending - INFO - 详细摘要添加完成
2026-01-31 21:55:43 - GitHubTrending - INFO - 成功获取 5 个趋势项目
2026-01-31 21:55:43 - GitHubTrending - INFO - 准备发送邮件...
2026-01-31 21:55:43 - GitHubTrending - INFO - 使用SMTP服务器: smtp.163.com:465
2026-01-31 21:55:44 - GitHubTrending - INFO - 邮件已成功发送至: 3413191072@qq.com
2026-01-31 21:55:44 - GitHubTrending - INFO - 任务执行成功！
